[2026-05-18T23:00:52.288Z] [Seed_SEED] staged spawn: 001-home-01-spec
[2026-05-18T23:00:52.291Z] [Seed_SEED] staged spawn: 001-home-02-design
[2026-05-18T23:00:52.293Z] [Seed_SEED] staged spawn: 001-home-03-convert
[2026-05-18T23:00:52.295Z] [Seed_SEED] staged spawn: 001-home-04-analyze
[2026-05-18T23:00:52.298Z] [Seed_SEED] staged spawn: 001-home-05-split
[2026-05-18T23:00:52.299Z] [Seed_SEED] staged spawn: 001-home-06-lift
[2026-05-18T23:00:52.302Z] [Seed_SEED] staged spawn: 002-browse-01-spec
[2026-05-18T23:00:52.304Z] [Seed_SEED] staged spawn: 002-browse-02-design
[2026-05-18T23:00:52.306Z] [Seed_SEED] staged spawn: 002-browse-03-convert
[2026-05-18T23:00:52.308Z] [Seed_SEED] staged spawn: 002-browse-04-analyze
[2026-05-18T23:00:52.310Z] [Seed_SEED] staged spawn: 002-browse-05-split
[2026-05-18T23:00:52.311Z] [Seed_SEED] staged spawn: 002-browse-06-lift
[2026-05-18T23:00:52.312Z] [Seed_SEED] staged spawn: 003-library-01-spec
[2026-05-18T23:00:52.314Z] [Seed_SEED] staged spawn: 003-library-02-design
[2026-05-18T23:00:52.316Z] [Seed_SEED] staged spawn: 003-library-03-convert
[2026-05-18T23:00:52.318Z] [Seed_SEED] staged spawn: 003-library-04-analyze
[2026-05-18T23:00:52.323Z] [Seed_SEED] staged spawn: 003-library-05-split
[2026-05-18T23:00:52.324Z] [Seed_SEED] staged spawn: 003-library-06-lift
[2026-05-18T23:00:52.325Z] [Seed_SEED] staged spawn: 004-profile-01-spec
[2026-05-18T23:00:52.327Z] [Seed_SEED] staged spawn: 004-profile-02-design
[2026-05-18T23:00:52.329Z] [Seed_SEED] staged spawn: 004-profile-03-convert
[2026-05-18T23:00:52.329Z] [Seed_SEED] staged spawn: 004-profile-04-analyze
[2026-05-18T23:00:52.330Z] [Seed_SEED] staged spawn: 004-profile-05-split
[2026-05-18T23:00:52.331Z] [Seed_SEED] staged spawn: 004-profile-06-lift
[2026-05-18T23:00:52.332Z] [Seed_SEED] staged spawn: 005-cycle-tracking-01-spec
[2026-05-18T23:00:52.334Z] [Seed_SEED] staged spawn: 005-cycle-tracking-02-design
[2026-05-18T23:00:52.335Z] [Seed_SEED] staged spawn: 005-cycle-tracking-03-convert
[2026-05-18T23:00:52.336Z] [Seed_SEED] staged spawn: 005-cycle-tracking-04-analyze
[2026-05-18T23:00:52.337Z] [Seed_SEED] staged spawn: 005-cycle-tracking-05-split
[2026-05-18T23:00:52.338Z] [Seed_SEED] staged spawn: 005-cycle-tracking-06-lift
[2026-05-18T23:00:52.339Z] [Seed_SEED] staged spawn: 006-weight-nutrition-01-spec
[2026-05-18T23:00:52.340Z] [Seed_SEED] staged spawn: 006-weight-nutrition-02-design
[2026-05-18T23:00:52.341Z] [Seed_SEED] staged spawn: 006-weight-nutrition-03-convert
[2026-05-18T23:00:52.342Z] [Seed_SEED] staged spawn: 006-weight-nutrition-04-analyze
[2026-05-18T23:00:52.342Z] [Seed_SEED] staged spawn: 006-weight-nutrition-05-split
[2026-05-18T23:00:52.343Z] [Seed_SEED] staged spawn: 006-weight-nutrition-06-lift
[2026-05-18T23:00:52.344Z] [Seed_SEED] staged spawn: 007-pregnancy-progress-01-spec
[2026-05-18T23:00:52.345Z] [Seed_SEED] staged spawn: 007-pregnancy-progress-02-design
[2026-05-18T23:00:52.346Z] [Seed_SEED] staged spawn: 007-pregnancy-progress-03-convert
[2026-05-18T23:00:52.347Z] [Seed_SEED] staged spawn: 007-pregnancy-progress-04-analyze
[2026-05-18T23:00:52.347Z] [Seed_SEED] staged spawn: 007-pregnancy-progress-05-split
[2026-05-18T23:00:52.348Z] [Seed_SEED] staged spawn: 007-pregnancy-progress-06-lift
[2026-05-18T23:00:52.349Z] [Seed_SEED] staged spawn: 008-mindfulness-01-spec
[2026-05-18T23:00:52.350Z] [Seed_SEED] staged spawn: 008-mindfulness-02-design
[2026-05-18T23:00:52.351Z] [Seed_SEED] staged spawn: 008-mindfulness-03-convert
[2026-05-18T23:00:52.352Z] [Seed_SEED] staged spawn: 008-mindfulness-04-analyze
[2026-05-18T23:00:52.352Z] [Seed_SEED] staged spawn: 008-mindfulness-05-split
[2026-05-18T23:00:52.353Z] [Seed_SEED] staged spawn: 008-mindfulness-06-lift
[2026-05-18T23:00:52.354Z] [Seed_SEED] staged spawn: 009-health-log-01-spec
[2026-05-18T23:00:52.355Z] [Seed_SEED] staged spawn: 009-health-log-02-design
[2026-05-18T23:00:52.355Z] [Seed_SEED] staged spawn: 009-health-log-03-convert
[2026-05-18T23:00:52.356Z] [Seed_SEED] staged spawn: 009-health-log-04-analyze
[2026-05-18T23:00:52.357Z] [Seed_SEED] staged spawn: 009-health-log-05-split
[2026-05-18T23:00:52.357Z] [Seed_SEED] staged spawn: 009-health-log-06-lift
[2026-05-18T23:00:52.358Z] [Seed_SEED] staged spawn: 010-mood-wellness-01-spec
[2026-05-18T23:00:52.359Z] [Seed_SEED] staged spawn: 010-mood-wellness-02-design
[2026-05-18T23:00:52.360Z] [Seed_SEED] staged spawn: 010-mood-wellness-03-convert
[2026-05-18T23:00:52.360Z] [Seed_SEED] staged spawn: 010-mood-wellness-04-analyze
[2026-05-18T23:00:52.361Z] [Seed_SEED] staged spawn: 010-mood-wellness-05-split
[2026-05-18T23:00:52.362Z] [Seed_SEED] staged spawn: 010-mood-wellness-06-lift
[2026-05-18T23:00:52.362Z] [Seed_SEED] staged spawn: 011-education-01-spec
[2026-05-18T23:00:52.363Z] [Seed_SEED] staged spawn: 011-education-02-design
[2026-05-18T23:00:52.364Z] [Seed_SEED] staged spawn: 011-education-03-convert
[2026-05-18T23:00:52.365Z] [Seed_SEED] staged spawn: 011-education-04-analyze
[2026-05-18T23:00:52.365Z] [Seed_SEED] staged spawn: 011-education-05-split
[2026-05-18T23:00:52.366Z] [Seed_SEED] staged spawn: 011-education-06-lift
[2026-05-18T23:00:52.367Z] [Seed_SEED] staged spawn: 012-article-reader-01-spec
[2026-05-18T23:00:52.368Z] [Seed_SEED] staged spawn: 012-article-reader-02-design
[2026-05-18T23:00:52.369Z] [Seed_SEED] staged spawn: 012-article-reader-03-convert
[2026-05-18T23:00:52.369Z] [Seed_SEED] staged spawn: 012-article-reader-04-analyze
[2026-05-18T23:00:52.370Z] [Seed_SEED] staged spawn: 012-article-reader-05-split
[2026-05-18T23:00:52.370Z] [Seed_SEED] staged spawn: 012-article-reader-06-lift
[2026-05-18T23:00:52.371Z] [Seed_SEED] staged spawn: 013-settings-01-spec
[2026-05-18T23:00:52.372Z] [Seed_SEED] staged spawn: 013-settings-02-design
[2026-05-18T23:00:52.373Z] [Seed_SEED] staged spawn: 013-settings-03-convert
[2026-05-18T23:00:52.373Z] [Seed_SEED] staged spawn: 013-settings-04-analyze
[2026-05-18T23:00:52.374Z] [Seed_SEED] staged spawn: 013-settings-05-split
[2026-05-18T23:00:52.375Z] [Seed_SEED] staged spawn: 013-settings-06-lift
